Arguments: 
  C:\Program Files\nodejs\node.exe C:\Program Files\nodejs\node_modules\yarn\bin\yarn.js add --save-dev nodemon

PATH: 
  C:\Users\Igor Konovalov\bin;C:\Program Files\Git\mingw64\bin;C:\Program Files\Git\usr\local\bin;C:\Program Files\Git\usr\bin;C:\Program Files\Git\usr\bin;C:\Program Files\Git\cmd;C:\Program Files\ConEmu\ConEmu\Scripts;C:\Program Files\ConEmu;C:\Program Files\ConEmu\ConEmu;C:\ProgramData\Oracle\Java\javapath;C:\Windows\system32;C:\Windows;C:\Windows\System32\Wbem;C:\Windows\System32\WindowsPowerShell\v1.0;C:\Program Files (x86)\Common Files\Acronis\SnapAPI;C:\Program Files (x86)\Skype\Phone;C:\Program Files\Git\cmd;C:\nvm;C:\Program Files\nodejs;C:\Ruby24-x64\bin;C:\Users\Igor Konovalov\AppData\Local\Microsoft\WindowsApps;C:\Program Files\Microsoft VS Code\bin;C:\nvm;C:\Program Files\nodejs;C:\Program Files (x86)\Common Files\Acronis\TibMounter64;C:\Program Files\Git\usr\bin\vendor_perl;C:\Program Files\Git\usr\bin\core_perl

Yarn version: 
  1.5.1

Node version: 
  9.4.0

Platform: 
  win32 x64

npm manifest: 
  {
    "name": "Epam_Hackaton_Api_Server",
    "version": "1.0.0",
    "description": "Api server for epam hackaton 17-18 feb 2018",
    "main": "index.js",
    "author": "Igor Konovalov + friends",
    "license": "MIT",
    "dependencies": {
      "body-parser": "^1.18.2",
      "mongodb": "^3.0.4"
    }
  }

yarn manifest: 
  No manifest

Lockfile: 
  # THIS IS AN AUTOGENERATED FILE. DO NOT EDIT THIS FILE DIRECTLY.
  # yarn lockfile v1
  
  
  body-parser@^1.18.2:
    version "1.18.2"
    resolved "https://registry.yarnpkg.com/body-parser/-/body-parser-1.18.2.tgz#87678a19d84b47d859b83199bd59bce222b10454"
    dependencies:
      bytes "3.0.0"
      content-type "~1.0.4"
      debug "2.6.9"
      depd "~1.1.1"
      http-errors "~1.6.2"
      iconv-lite "0.4.19"
      on-finished "~2.3.0"
      qs "6.5.1"
      raw-body "2.3.2"
      type-is "~1.6.15"
  
  bson@~1.0.4:
    version "1.0.6"
    resolved "https://registry.yarnpkg.com/bson/-/bson-1.0.6.tgz#444db59ddd4c24f0cb063aabdc5c8c7b0ceca912"
  
  bytes@3.0.0:
    version "3.0.0"
    resolved "https://registry.yarnpkg.com/bytes/-/bytes-3.0.0.tgz#d32815404d689699f85a4ea4fa8755dd13a96048"
  
  content-type@~1.0.4:
    version "1.0.4"
    resolved "https://registry.yarnpkg.com/content-type/-/content-type-1.0.4.tgz#e138cc75e040c727b1966fe5e5f8c9aee256fe3b"
  
  debug@2.6.9:
    version "2.6.9"
    resolved "https://registry.yarnpkg.com/debug/-/debug-2.6.9.tgz#5d128515df134ff327e90a4c93f4e077a536341f"
    dependencies:
      ms "2.0.0"
  
  depd@1.1.1:
    version "1.1.1"
    resolved "https://registry.yarnpkg.com/depd/-/depd-1.1.1.tgz#5783b4e1c459f06fa5ca27f991f3d06e7a310359"
  
  depd@~1.1.1:
    version "1.1.2"
    resolved "https://registry.yarnpkg.com/depd/-/depd-1.1.2.tgz#9bcd52e14c097763e749b274c4346ed2e560b5a9"
  
  ee-first@1.1.1:
    version "1.1.1"
    resolved "https://registry.yarnpkg.com/ee-first/-/ee-first-1.1.1.tgz#590c61156b0ae2f4f0255732a158b266bc56b21d"
  
  http-errors@1.6.2, http-errors@~1.6.2:
    version "1.6.2"
    resolved "https://registry.yarnpkg.com/http-errors/-/http-errors-1.6.2.tgz#0a002cc85707192a7e7946ceedc11155f60ec736"
    dependencies:
      depd "1.1.1"
      inherits "2.0.3"
      setprototypeof "1.0.3"
      statuses ">= 1.3.1 < 2"
  
  iconv-lite@0.4.19:
    version "0.4.19"
    resolved "https://registry.yarnpkg.com/iconv-lite/-/iconv-lite-0.4.19.tgz#f7468f60135f5e5dad3399c0a81be9a1603a082b"
  
  inherits@2.0.3:
    version "2.0.3"
    resolved "https://registry.yarnpkg.com/inherits/-/inherits-2.0.3.tgz#633c2c83e3da42a502f52466022480f4208261de"
  
  media-typer@0.3.0:
    version "0.3.0"
    resolved "https://registry.yarnpkg.com/media-typer/-/media-typer-0.3.0.tgz#8710d7af0aa626f8fffa1ce00168545263255748"
  
  mime-db@~1.33.0:
    version "1.33.0"
    resolved "https://registry.yarnpkg.com/mime-db/-/mime-db-1.33.0.tgz#a3492050a5cb9b63450541e39d9788d2272783db"
  
  mime-types@~2.1.18:
    version "2.1.18"
    resolved "https://registry.yarnpkg.com/mime-types/-/mime-types-2.1.18.tgz#6f323f60a83d11146f831ff11fd66e2fe5503bb8"
    dependencies:
      mime-db "~1.33.0"
  
  mongodb-core@3.0.4:
    version "3.0.4"
    resolved "https://registry.yarnpkg.com/mongodb-core/-/mongodb-core-3.0.4.tgz#a3fdf466e697a2f1df87e458e5e2df1c26cc654b"
    dependencies:
      bson "~1.0.4"
      require_optional "^1.0.1"
  
  mongodb@^3.0.4:
    version "3.0.4"
    resolved "https://registry.yarnpkg.com/mongodb/-/mongodb-3.0.4.tgz#ee0c0f7bc565edc5f40ee2d23170e522a8ad2286"
    dependencies:
      mongodb-core "3.0.4"
  
  ms@2.0.0:
    version "2.0.0"
    resolved "https://registry.yarnpkg.com/ms/-/ms-2.0.0.tgz#5608aeadfc00be6c2901df5f9861788de0d597c8"
  
  on-finished@~2.3.0:
    version "2.3.0"
    resolved "https://registry.yarnpkg.com/on-finished/-/on-finished-2.3.0.tgz#20f1336481b083cd75337992a16971aa2d906947"
    dependencies:
      ee-first "1.1.1"
  
  qs@6.5.1:
    version "6.5.1"
    resolved "https://registry.yarnpkg.com/qs/-/qs-6.5.1.tgz#349cdf6eef89ec45c12d7d5eb3fc0c870343a6d8"
  
  raw-body@2.3.2:
    version "2.3.2"
    resolved "https://registry.yarnpkg.com/raw-body/-/raw-body-2.3.2.tgz#bcd60c77d3eb93cde0050295c3f379389bc88f89"
    dependencies:
      bytes "3.0.0"
      http-errors "1.6.2"
      iconv-lite "0.4.19"
      unpipe "1.0.0"
  
  require_optional@^1.0.1:
    version "1.0.1"
    resolved "https://registry.yarnpkg.com/require_optional/-/require_optional-1.0.1.tgz#4cf35a4247f64ca3df8c2ef208cc494b1ca8fc2e"
    dependencies:
      resolve-from "^2.0.0"
      semver "^5.1.0"
  
  resolve-from@^2.0.0:
    version "2.0.0"
    resolved "https://registry.yarnpkg.com/resolve-from/-/resolve-from-2.0.0.tgz#9480ab20e94ffa1d9e80a804c7ea147611966b57"
  
  semver@^5.1.0:
    version "5.5.0"
    resolved "https://registry.yarnpkg.com/semver/-/semver-5.5.0.tgz#dc4bbc7a6ca9d916dee5d43516f0092b58f7b8ab"
  
  setprototypeof@1.0.3:
    version "1.0.3"
    resolved "https://registry.yarnpkg.com/setprototypeof/-/setprototypeof-1.0.3.tgz#66567e37043eeb4f04d91bd658c0cbefb55b8e04"
  
  "statuses@>= 1.3.1 < 2":
    version "1.4.0"
    resolved "https://registry.yarnpkg.com/statuses/-/statuses-1.4.0.tgz#bb73d446da2796106efcc1b601a253d6c46bd087"
  
  type-is@~1.6.15:
    version "1.6.16"
    resolved "https://registry.yarnpkg.com/type-is/-/type-is-1.6.16.tgz#f89ce341541c672b25ee7ae3c73dee3b2be50194"
    dependencies:
      media-typer "0.3.0"
      mime-types "~2.1.18"
  
  unpipe@1.0.0:
    version "1.0.0"
    resolved "https://registry.yarnpkg.com/unpipe/-/unpipe-1.0.0.tgz#b2bf4ee8514aae6165b4817829d21b2ef49904ec"

Trace: 
  Error: Missing list of packages to add to your project.
      at new MessageError (C:\nvm\v9.4.0\node_modules\yarn\lib\cli.js:186:110)
      at Object.<anonymous> (C:\nvm\v9.4.0\node_modules\yarn\lib\cli.js:40587:13)
      at Generator.next (<anonymous>)
      at step (C:\nvm\v9.4.0\node_modules\yarn\lib\cli.js:98:30)
      at C:\nvm\v9.4.0\node_modules\yarn\lib\cli.js:116:14
      at new Promise (<anonymous>)
      at new F (C:\nvm\v9.4.0\node_modules\yarn\lib\cli.js:23451:28)
      at Object.<anonymous> (C:\nvm\v9.4.0\node_modules\yarn\lib\cli.js:95:12)
      at Object.run (C:\nvm\v9.4.0\node_modules\yarn\lib\cli.js:40599:19)
      at run (C:\nvm\v9.4.0\node_modules\yarn\lib\cli.js:89113:20)
